
■■■■■■■■2025-09-21T14:10:12.861656+09:00 - Found 1 X share emails
■■■■■■■■2025-09-21T14:10:13.159345+09:00 - Processing email: Dify Base| Dify・n8nの基礎から応用までさん（@dify_base）からのポスト...
■■■■■■■■2025-09-21T14:10:13.159502+09:00 - ============================================================
■■■■■■■■2025-09-21T14:10:13.159538+09:00 - 【メール内容全文】
■■■■■■■■2025-09-21T14:10:13.159591+09:00 - ============================================================
■■■■■■■■2025-09-21T14:10:13.159641+09:00 - Subject: Dify Base| Dify・n8nの基礎から応用までさん（@dify_base）からのポスト
■■■■■■■■2025-09-21T14:10:13.159683+09:00 - Date: Sun, 21 Sep 2025 07:34:51 +0900
■■■■■■■■2025-09-21T14:10:13.159738+09:00 - Body:
■■■■■■■■2025-09-21T14:10:13.159812+09:00 - Dify Base| Dify・n8nの基礎から応用までさん（@dify_base）が4:50 午後 on 土, 9月 20,
2025にポストしました:
Difyを学び始めたい方向けに、通常有料メンバーシップ限定の「Dify
ノード」を解説した3記事(初学者向け)を無料プレゼント。この3記事でDifyノードを網羅的に学べます。

ただし、期限は9/23 23:30まで。

【受け取り条件】
①Dify Baseをフォローしている
②リポスト＆いいね
③「Dify」とコメント https://t.co/GiF5GafmXz
（
https://x.com/dify_base/status/1969308045198180834?t=SJKFGKz20Z2xvWp0va52EQ&s=03
）

■■■■■■■■2025-09-21T14:10:13.159866+09:00 - ============================================================
■■■■■■■■2025-09-21T14:10:13.161325+09:00 - ============================================================
■■■■■■■■2025-09-21T14:10:13.161398+09:00 - 【Teams投稿内容】
■■■■■■■■2025-09-21T14:10:13.161449+09:00 - ============================================================
■■■■■■■■2025-09-21T14:10:13.161476+09:00 - URL: https://x.com/dify_base/status/1969308045198180834
■■■■■■■■2025-09-21T14:10:13.161497+09:00 - Username: @dify_base
■■■■■■■■2025-09-21T14:10:13.161527+09:00 - Tweet ID: 1969308045198180834
■■■■■■■■2025-09-21T14:10:13.161571+09:00 - Text:
Difyを学び始めたい方向けに、通常有料メンバーシップ限定の「Dify
ノード」を解説した3記事(初学者向け)を無料プレゼント。この3記事でDifyノードを網羅的に学べます。
ただし、期限は9/23 23:30まで。
【受け取り条件】
①Dify Baseをフォローしている
②リポスト＆いいね
③「Dify」とコメント
■■■■■■■■2025-09-21T14:10:13.161615+09:00 - ============================================================
■■■■■■■■2025-09-21T14:10:14.285953+09:00 - Posted to Teams: @dify_base - 1969308045198180834
■■■■■■■■2025-09-21T14:10:14.731017+09:00 - Marked email as read: 19969440a6d68564
■■■■■■■■2025-09-21T14:10:14.731173+09:00 - Posted 1 X shares to Teams
